<?xml version="1.0" encoding="UTF-8"?>
<!-- Generated by org.testng.reporters.JUnitReportReporter -->
<testsuite hostname="DESKTOP-T3HKTET" failures="0" tests="2" name="proyectoAutomation.proyectoAutomation.Despegar" time="29.136" errors="0" timestamp="2022-06-12T14:14:34 ART" skipped="0">
  <testcase classname="proyectoAutomation.proyectoAutomation.Despegar" name="validarBusqueda" time="14.421"/>
  <system-out/>
  <testcase classname="proyectoAutomation.proyectoAutomation.Despegar" name="validarBusqueda2" time="14.715"/>
  <system-out/>
</testsuite> <!-- proyectoAutomation.proyectoAutomation.Despegar -->
