<?xml version="1.0" encoding="UTF-8"?>
<!-- Generated by org.testng.reporters.JUnitReportReporter -->
<testsuite hostname="DESKTOP-T3HKTET" failures="0" tests="1" name="proyectoAutomation.proyectoAutomation.Despegar" time="13.653" errors="0" timestamp="2022-06-08T08:09:43 ART" skipped="0">
  <testcase classname="proyectoAutomation.proyectoAutomation.Despegar" name="validarBusqueda" time="13.653"/>
  <system-out/>
</testsuite> <!-- proyectoAutomation.proyectoAutomation.Despegar -->
