<?xml version="1.0" encoding="UTF-8"?>
<!-- Generated by org.testng.reporters.JUnitReportReporter -->
<testsuite hostname="DESKTOP-T3HKTET" failures="0" tests="2" name="proyectoAutomation.proyectoAutomation.Despegar" time="31.034" errors="0" timestamp="2022-06-12T12:37:19 ART" skipped="0">
  <testcase classname="proyectoAutomation.proyectoAutomation.Despegar" name="validarBusqueda" time="15.793"/>
  <system-out/>
  <testcase classname="proyectoAutomation.proyectoAutomation.Despegar" name="validarBusqueda2" time="15.241"/>
  <system-out/>
</testsuite> <!-- proyectoAutomation.proyectoAutomation.Despegar -->
