<?xml version="1.0" encoding="UTF-8"?>
<!-- Generated by org.testng.reporters.JUnitReportReporter -->
<testsuite hostname="DESKTOP-T3HKTET" failures="0" tests="3" name="proyectoAutomation.proyectoAutomation.Despegar" time="43.237" errors="0" timestamp="2022-06-11T19:01:31 ART" skipped="0">
  <testcase classname="proyectoAutomation.proyectoAutomation.Despegar" name="validarBusqueda" time="14.472"/>
  <system-out/>
  <testcase classname="proyectoAutomation.proyectoAutomation.Despegar" name="validarBusqueda" time="14.742"/>
  <system-out/>
  <testcase classname="proyectoAutomation.proyectoAutomation.Despegar" name="validarBusqueda" time="14.023"/>
  <system-out/>
</testsuite> <!-- proyectoAutomation.proyectoAutomation.Despegar -->
