<?xml version="1.0" encoding="UTF-8"?>
<!-- Generated by org.testng.reporters.JUnitReportReporter -->
<testsuite hostname="DESKTOP-T3HKTET" failures="0" tests="1" name="proyectoAutomation.proyectoAutomation.Despegar" time="14.954" errors="0" timestamp="2022-06-11T19:04:15 ART" skipped="0">
  <testcase classname="proyectoAutomation.proyectoAutomation.Despegar" name="validarBusqueda" time="14.954"/>
  <system-out/>
</testsuite> <!-- proyectoAutomation.proyectoAutomation.Despegar -->
