<?xml version="1.0" encoding="UTF-8"?>
<!-- Generated by org.testng.reporters.JUnitReportReporter -->
<testsuite hostname="DESKTOP-T3HKTET" failures="0" tests="4" name="proyectoAutomation.proyectoAutomation.Despegar" time="58.247" errors="0" timestamp="2022-06-11T19:40:52 ART" skipped="0">
  <testcase classname="proyectoAutomation.proyectoAutomation.Despegar" name="validarBusqueda" time="15.627"/>
  <system-out/>
  <testcase classname="proyectoAutomation.proyectoAutomation.Despegar" name="validarBusqueda" time="14.217"/>
  <system-out/>
  <testcase classname="proyectoAutomation.proyectoAutomation.Despegar" name="validarBusqueda2" time="14.151"/>
  <system-out/>
  <testcase classname="proyectoAutomation.proyectoAutomation.Despegar" name="validarBusqueda2" time="14.252"/>
  <system-out/>
</testsuite> <!-- proyectoAutomation.proyectoAutomation.Despegar -->
